Starting enum4linux v0.9.1 ( http://labs.portcullis.co.uk/application/enum4linux/ ) on Sat Nov  5 12:05:58 2022

[34m =========================================( [0m[32mTarget Information[0m[34m )=========================================

[0mTarget ........... 10.10.142.109
RID Range ........ 500-550,1000-1050
Username ......... ''
Password ......... ''
Known Usernames .. administrator, guest, krbtgt, domain admins, root, bin, none


[34m ===========================( [0m[32mEnumerating Workgroup/Domain on 10.10.142.109[0m[34m )===========================

[0m[33m
[E] [0m[31mCan't find workgroup/domain

[0m

[34m ===================================( [0m[32mSession Check on 10.10.142.109[0m[34m )===================================

[0m[33m
[+] [0m[32mServer 10.10.142.109 allows sessions using username '', password ''

[0m
[34m ================================( [0m[32mGetting domain SID for 10.10.142.109[0m[34m )================================

[0mDomain Name: LAB-ENTERPRISE
Domain Sid: S-1-5-21-2168718921-3906202695-65158103
[33m
[+] [0m[32mHost is part of a domain (not a workgroup)

[0menum4linux complete on Sat Nov  5 12:06:17 2022

