Starting enum4linux v0.9.1 ( http://labs.portcullis.co.uk/application/enum4linux/ ) on Fri Oct 28 01:52:48 2022

[34m =========================================( [0m[32mTarget Information[0m[34m )=========================================

[0mTarget ........... 10.10.234.85
RID Range ........ 500-550,1000-1050
Username ......... ''
Password ......... ''
Known Usernames .. administrator, guest, krbtgt, domain admins, root, bin, none


[34m ============================( [0m[32mEnumerating Workgroup/Domain on 10.10.234.85[0m[34m )============================

[0m[33m
[E] [0m[31mCan't find workgroup/domain

[0m

[34m ===================================( [0m[32mSession Check on 10.10.234.85[0m[34m )===================================

[0m[33m
[+] [0m[32mServer 10.10.234.85 allows sessions using username '', password ''

[0m
[34m ================================( [0m[32mGetting domain SID for 10.10.234.85[0m[34m )================================

[0mDomain Name: VULNNET
Domain Sid: S-1-5-21-1405206085-1650434706-76331420
[33m
[+] [0m[32mHost is part of a domain (not a workgroup)

[0menum4linux complete on Fri Oct 28 01:53:11 2022

